0 info it worked if it ends with ok
1 verbose cli [ '/usr/bin/node',
1 verbose cli   '/usr/bin/npm',
1 verbose cli   'install',
1 verbose cli   '--save-dev',
1 verbose cli   'browsersync' ]
2 info using npm@1.4.28
3 info using node@v0.10.40
4 verbose node symlink /usr/bin/node
5 warn package.json res-demo@1.0.0 No description
6 warn package.json res-demo@1.0.0 No repository field.
7 warn package.json res-demo@1.0.0 No README data
8 verbose readDependencies using package.json deps
9 verbose cache add [ 'browsersync', null ]
10 verbose cache add name=undefined spec="browsersync" args=["browsersync",null]
11 verbose parsed url { protocol: null,
11 verbose parsed url   slashes: null,
11 verbose parsed url   auth: null,
11 verbose parsed url   host: null,
11 verbose parsed url   port: null,
11 verbose parsed url   hostname: null,
11 verbose parsed url   hash: null,
11 verbose parsed url   search: null,
11 verbose parsed url   query: null,
11 verbose parsed url   pathname: 'browsersync',
11 verbose parsed url   path: 'browsersync',
11 verbose parsed url   href: 'browsersync' }
12 silly lockFile 9d30254b-browsersync browsersync
13 verbose lock browsersync /home/peter/.npm/9d30254b-browsersync.lock
14 silly lockFile 9d30254b-browsersync browsersync
15 silly lockFile 9d30254b-browsersync browsersync
16 verbose addNamed [ 'browsersync', '' ]
17 verbose addNamed [ null, '*' ]
18 silly lockFile c94e11e6-browsersync browsersync@
19 verbose lock browsersync@ /home/peter/.npm/c94e11e6-browsersync.lock
20 silly addNameRange { name: 'browsersync', range: '*', hasData: false }
21 verbose request where is /browsersync
22 verbose request registry https://registry.npmjs.org/
23 verbose request id a915dd21f873ea85
24 verbose url raw /browsersync
25 verbose url resolving [ 'https://registry.npmjs.org/', './browsersync' ]
26 verbose url resolved https://registry.npmjs.org/browsersync
27 verbose request where is https://registry.npmjs.org/browsersync
28 info trying registry request attempt 1 at 09:44:14
29 http GET https://registry.npmjs.org/browsersync
30 http 404 https://registry.npmjs.org/browsersync
31 verbose headers { server: 'CouchDB/1.5.0 (Erlang OTP/R16B03)',
31 verbose headers   'content-type': 'application/json',
31 verbose headers   'cache-control': 'max-age=0',
31 verbose headers   'content-length': '51',
31 verbose headers   'accept-ranges': 'bytes',
31 verbose headers   date: 'Sat, 01 Aug 2015 01:44:15 GMT',
31 verbose headers   via: '1.1 varnish',
31 verbose headers   age: '0',
31 verbose headers   connection: 'keep-alive',
31 verbose headers   'x-served-by': 'cache-nrt6135-NRT',
31 verbose headers   'x-cache': 'MISS',
31 verbose headers   'x-cache-hits': '0',
31 verbose headers   'x-timer': 'S1438393455.198457,VS0,VE483' }
32 silly registry.get cb [ 404,
32 silly registry.get   { server: 'CouchDB/1.5.0 (Erlang OTP/R16B03)',
32 silly registry.get     'content-type': 'application/json',
32 silly registry.get     'cache-control': 'max-age=0',
32 silly registry.get     'content-length': '51',
32 silly registry.get     'accept-ranges': 'bytes',
32 silly registry.get     date: 'Sat, 01 Aug 2015 01:44:15 GMT',
32 silly registry.get     via: '1.1 varnish',
32 silly registry.get     age: '0',
32 silly registry.get     connection: 'keep-alive',
32 silly registry.get     'x-served-by': 'cache-nrt6135-NRT',
32 silly registry.get     'x-cache': 'MISS',
32 silly registry.get     'x-cache-hits': '0',
32 silly registry.get     'x-timer': 'S1438393455.198457,VS0,VE483' } ]
33 silly lockFile c94e11e6-browsersync browsersync@
34 silly lockFile c94e11e6-browsersync browsersync@
35 error 404 404 Not Found: browsersync
35 error 404
35 error 404 'browsersync' is not in the npm registry.
35 error 404 You should bug the author to publish it
35 error 404 It was specified as a dependency of 'res-demo'
35 error 404
35 error 404 Note that you can also install from a
35 error 404 tarball, folder, or http url, or git url.
36 error System Linux 3.13.0-32-generic
37 error command "/usr/bin/node" "/usr/bin/npm" "install" "--save-dev" "browsersync"
38 error cwd /home/peter/res-demo
39 error node -v v0.10.40
40 error npm -v 1.4.28
41 error code E404
42 verbose exit [ 1, true ]
